make[1]: Entering directory '/home/yunwei37/workspace/namei_ext'
install -d "/home/yunwei37/workspace/namei_ext/results/phase1/20260723T-build-cache-release-v1"
printf '{"event":"w4-ccache-bulk-trace-start","run_id":"%s","result_level":"kvm_real_ccache_bulk_cache_path_trace_witness"}\n' "20260723T-build-cache-release-v1" >"/home/yunwei37/workspace/namei_ext/results/phase1/20260723T-build-cache-release-v1/w4-ccache-bulk-trace.jsonl"
command -v ccache >"/home/yunwei37/workspace/namei_ext/results/phase1/20260723T-build-cache-release-v1/w4-ccache-bulk-trace-ccache.path"
command -v strace >"/home/yunwei37/workspace/namei_ext/results/phase1/20260723T-build-cache-release-v1/w4-ccache-bulk-trace-strace.path"
ccache --version >"/home/yunwei37/workspace/namei_ext/results/phase1/20260723T-build-cache-release-v1/w4-ccache-bulk-trace-ccache.version"
strace -V >"/home/yunwei37/workspace/namei_ext/results/phase1/20260723T-build-cache-release-v1/w4-ccache-bulk-trace-strace.version"
: >"/home/yunwei37/workspace/namei_ext/results/phase1/20260723T-build-cache-release-v1/w4-ccache-bulk-source-manifest.tsv"
for f in src/adlist.c src/crc64.c src/dict.c src/intset.c src/listpack.c src/lzf_c.c src/lzf_d.c src/siphash.c src/ziplist.c src/sha1.c; do test -s "/home/yunwei37/workspace/namei_ext/.build/workloads/runs/20260723T-build-cache-release-v1/w1-redis-build/src/$f"; sha=$(sha256sum "/home/yunwei37/workspace/namei_ext/.build/workloads/runs/20260723T-build-cache-release-v1/w1-redis-build/src/$f" | awk '{ print $1 }'); printf 'redis\t%s\t%s\t%s\n' "$f" "/home/yunwei37/workspace/namei_ext/.build/workloads/runs/20260723T-build-cache-release-v1/w1-redis-build/src/$f" "$sha" >>"/home/yunwei37/workspace/namei_ext/results/phase1/20260723T-build-cache-release-v1/w4-ccache-bulk-source-manifest.tsv"; done
for f in src/core/ngx_string.c src/core/ngx_palloc.c src/core/ngx_array.c src/core/ngx_hash.c src/core/ngx_list.c src/core/ngx_buf.c src/core/ngx_queue.c src/core/ngx_output_chain.c src/os/unix/ngx_alloc.c src/os/unix/ngx_files.c; do test -s "/home/yunwei37/workspace/namei_ext/.build/workloads/runs/20260723T-build-cache-release-v1/w1-nginx-build/src/$f"; sha=$(sha256sum "/home/yunwei37/workspace/namei_ext/.build/workloads/runs/20260723T-build-cache-release-v1/w1-nginx-build/src/$f" | awk '{ print $1 }'); printf 'nginx\t%s\t%s\t%s\n' "$f" "/home/yunwei37/workspace/namei_ext/.build/workloads/runs/20260723T-build-cache-release-v1/w1-nginx-build/src/$f" "$sha" >>"/home/yunwei37/workspace/namei_ext/results/phase1/20260723T-build-cache-release-v1/w4-ccache-bulk-source-manifest.tsv"; done
source_count=$(wc -l <"/home/yunwei37/workspace/namei_ext/results/phase1/20260723T-build-cache-release-v1/w4-ccache-bulk-source-manifest.tsv"); test "$source_count" -gt 1
sha256sum "/home/yunwei37/workspace/namei_ext/results/phase1/20260723T-build-cache-release-v1/w4-ccache-bulk-source-manifest.tsv" "/home/yunwei37/workspace/namei_ext/results/phase1/20260723T-build-cache-release-v1/w4-ccache-bulk-trace-ccache.version" "/home/yunwei37/workspace/namei_ext/results/phase1/20260723T-build-cache-release-v1/w4-ccache-bulk-trace-strace.version" "/home/yunwei37/workspace/namei_ext/docs/tmp/2026-06-16-w4-bulk-ccache-workload-design.md" "/home/yunwei37/workspace/namei_ext/mk/kvm.mk" >"/home/yunwei37/workspace/namei_ext/results/phase1/20260723T-build-cache-release-v1/w4-ccache-bulk-trace-inputs.sha256"
printf '{"event":"w4-ccache-bulk-trace-input","run_id":"%s","result_level":"kvm_real_ccache_bulk_cache_path_trace_witness","input_sha256_file":"w4-ccache-bulk-trace-inputs.sha256","source_manifest":"w4-ccache-bulk-source-manifest.tsv","redis_sources":%s,"nginx_sources":%s}\n' "20260723T-build-cache-release-v1" "$(awk -F '	' '$1 == "redis" { n++ } END { print n + 0 }' "/home/yunwei37/workspace/namei_ext/results/phase1/20260723T-build-cache-release-v1/w4-ccache-bulk-source-manifest.tsv")" "$(awk -F '	' '$1 == "nginx" { n++ } END { print n + 0 }' "/home/yunwei37/workspace/namei_ext/results/phase1/20260723T-build-cache-release-v1/w4-ccache-bulk-source-manifest.tsv")" >>"/home/yunwei37/workspace/namei_ext/results/phase1/20260723T-build-cache-release-v1/w4-ccache-bulk-trace.jsonl"
rm -rf "/home/yunwei37/workspace/namei_ext/results/phase1/20260723T-build-cache-release-v1/w4-ccache-bulk-trace-work"
install -d "/home/yunwei37/workspace/namei_ext/results/phase1/20260723T-build-cache-release-v1/w4-ccache-bulk-trace-work/cold" "/home/yunwei37/workspace/namei_ext/results/phase1/20260723T-build-cache-release-v1/w4-ccache-bulk-trace-work/hot"
CCACHE_DIR="/home/yunwei37/workspace/namei_ext/results/phase1/20260723T-build-cache-release-v1/w4-ccache-bulk-trace-work/ccache" ccache --clear >/dev/null
CCACHE_DIR="/home/yunwei37/workspace/namei_ext/results/phase1/20260723T-build-cache-release-v1/w4-ccache-bulk-trace-work/ccache" ccache --zero-stats >/dev/null
for f in src/adlist.c src/crc64.c src/dict.c src/intset.c src/listpack.c src/lzf_c.c src/lzf_d.c src/siphash.c src/ziplist.c src/sha1.c; do name=${f//\//_}; name=${name%.c}; CCACHE_DIR="/home/yunwei37/workspace/namei_ext/results/phase1/20260723T-build-cache-release-v1/w4-ccache-bulk-trace-work/ccache" ccache gcc -I"/home/yunwei37/workspace/namei_ext/.build/workloads/runs/20260723T-build-cache-release-v1/w1-redis-build/src/src" -c "/home/yunwei37/workspace/namei_ext/.build/workloads/runs/20260723T-build-cache-release-v1/w1-redis-build/src/$f" -o "/home/yunwei37/workspace/namei_ext/results/phase1/20260723T-build-cache-release-v1/w4-ccache-bulk-trace-work/cold/redis-$name.o"; done
for f in src/core/ngx_string.c src/core/ngx_palloc.c src/core/ngx_array.c src/core/ngx_hash.c src/core/ngx_list.c src/core/ngx_buf.c src/core/ngx_queue.c src/core/ngx_output_chain.c src/os/unix/ngx_alloc.c src/os/unix/ngx_files.c; do name=${f//\//_}; name=${name%.c}; CCACHE_DIR="/home/yunwei37/workspace/namei_ext/results/phase1/20260723T-build-cache-release-v1/w4-ccache-bulk-trace-work/ccache" ccache gcc -I"/home/yunwei37/workspace/namei_ext/.build/workloads/runs/20260723T-build-cache-release-v1/w1-nginx-build/src/objs" -I"/home/yunwei37/workspace/namei_ext/.build/workloads/runs/20260723T-build-cache-release-v1/w1-nginx-build/src/src/core" -I"/home/yunwei37/workspace/namei_ext/.build/workloads/runs/20260723T-build-cache-release-v1/w1-nginx-build/src/src/event" -I"/home/yunwei37/workspace/namei_ext/.build/workloads/runs/20260723T-build-cache-release-v1/w1-nginx-build/src/src/event/modules" -I"/home/yunwei37/workspace/namei_ext/.build/workloads/runs/20260723T-build-cache-release-v1/w1-nginx-build/src/src/os/unix" -c "/home/yunwei37/workspace/namei_ext/.build/workloads/runs/20260723T-build-cache-release-v1/w1-nginx-build/src/$f" -o "/home/yunwei37/workspace/namei_ext/results/phase1/20260723T-build-cache-release-v1/w4-ccache-bulk-trace-work/cold/nginx-$name.o"; done
CCACHE_DIR="/home/yunwei37/workspace/namei_ext/results/phase1/20260723T-build-cache-release-v1/w4-ccache-bulk-trace-work/ccache" strace -f -e trace=%file -o "/home/yunwei37/workspace/namei_ext/results/phase1/20260723T-build-cache-release-v1/w4-ccache-bulk-trace-redis.strace.log" bash -c 'set -e; redis_src="/home/yunwei37/workspace/namei_ext/.build/workloads/runs/20260723T-build-cache-release-v1/w1-redis-build/src"; out="/home/yunwei37/workspace/namei_ext/results/phase1/20260723T-build-cache-release-v1/w4-ccache-bulk-trace-work/hot"; for f in src/adlist.c src/crc64.c src/dict.c src/intset.c src/listpack.c src/lzf_c.c src/lzf_d.c src/siphash.c src/ziplist.c src/sha1.c; do name=${f//\//_}; name=${name%.c}; ccache gcc -I"$redis_src/src" -c "$redis_src/$f" -o "$out/redis-$name.o"; done'
CCACHE_DIR="/home/yunwei37/workspace/namei_ext/results/phase1/20260723T-build-cache-release-v1/w4-ccache-bulk-trace-work/ccache" strace -f -e trace=%file -o "/home/yunwei37/workspace/namei_ext/results/phase1/20260723T-build-cache-release-v1/w4-ccache-bulk-trace-nginx.strace.log" bash -c 'set -e; nginx_src="/home/yunwei37/workspace/namei_ext/.build/workloads/runs/20260723T-build-cache-release-v1/w1-nginx-build/src"; out="/home/yunwei37/workspace/namei_ext/results/phase1/20260723T-build-cache-release-v1/w4-ccache-bulk-trace-work/hot"; for f in src/core/ngx_string.c src/core/ngx_palloc.c src/core/ngx_array.c src/core/ngx_hash.c src/core/ngx_list.c src/core/ngx_buf.c src/core/ngx_queue.c src/core/ngx_output_chain.c src/os/unix/ngx_alloc.c src/os/unix/ngx_files.c; do name=${f//\//_}; name=${name%.c}; ccache gcc -I"$nginx_src/objs" -I"$nginx_src/src/core" -I"$nginx_src/src/event" -I"$nginx_src/src/event/modules" -I"$nginx_src/src/os/unix" -c "$nginx_src/$f" -o "$out/nginx-$name.o"; done'
CCACHE_DIR="/home/yunwei37/workspace/namei_ext/results/phase1/20260723T-build-cache-release-v1/w4-ccache-bulk-trace-work/ccache" ccache --print-stats >"/home/yunwei37/workspace/namei_ext/results/phase1/20260723T-build-cache-release-v1/w4-ccache-bulk-trace-stats.txt"
for f in src/adlist.c src/crc64.c src/dict.c src/intset.c src/listpack.c src/lzf_c.c src/lzf_d.c src/siphash.c src/ziplist.c src/sha1.c; do name=${f//\//_}; name=${name%.c}; cold_sha=$(sha256sum "/home/yunwei37/workspace/namei_ext/results/phase1/20260723T-build-cache-release-v1/w4-ccache-bulk-trace-work/cold/redis-$name.o" | awk '{ print $1 }'); hot_sha=$(sha256sum "/home/yunwei37/workspace/namei_ext/results/phase1/20260723T-build-cache-release-v1/w4-ccache-bulk-trace-work/hot/redis-$name.o" | awk '{ print $1 }'); test "$cold_sha" = "$hot_sha"; done
for f in src/core/ngx_string.c src/core/ngx_palloc.c src/core/ngx_array.c src/core/ngx_hash.c src/core/ngx_list.c src/core/ngx_buf.c src/core/ngx_queue.c src/core/ngx_output_chain.c src/os/unix/ngx_alloc.c src/os/unix/ngx_files.c; do name=${f//\//_}; name=${name%.c}; cold_sha=$(sha256sum "/home/yunwei37/workspace/namei_ext/results/phase1/20260723T-build-cache-release-v1/w4-ccache-bulk-trace-work/cold/nginx-$name.o" | awk '{ print $1 }'); hot_sha=$(sha256sum "/home/yunwei37/workspace/namei_ext/results/phase1/20260723T-build-cache-release-v1/w4-ccache-bulk-trace-work/hot/nginx-$name.o" | awk '{ print $1 }'); test "$cold_sha" = "$hot_sha"; done
find "/home/yunwei37/workspace/namei_ext/results/phase1/20260723T-build-cache-release-v1/w4-ccache-bulk-trace-work/cold" "/home/yunwei37/workspace/namei_ext/results/phase1/20260723T-build-cache-release-v1/w4-ccache-bulk-trace-work/hot" -type f -name '*.o' -print | sort | xargs sha256sum >"/home/yunwei37/workspace/namei_ext/results/phase1/20260723T-build-cache-release-v1/w4-ccache-bulk-trace-artifacts.sha256"
redis_trace_lines=$(wc -l <"/home/yunwei37/workspace/namei_ext/results/phase1/20260723T-build-cache-release-v1/w4-ccache-bulk-trace-redis.strace.log"); \
nginx_trace_lines=$(wc -l <"/home/yunwei37/workspace/namei_ext/results/phase1/20260723T-build-cache-release-v1/w4-ccache-bulk-trace-nginx.strace.log"); \
redis_cache_path_lines=$(awk -v p="/home/yunwei37/workspace/namei_ext/results/phase1/20260723T-build-cache-release-v1/w4-ccache-bulk-trace-work/ccache" 'index($0, p) > 0 { n++ } END { print n + 0 }' "/home/yunwei37/workspace/namei_ext/results/phase1/20260723T-build-cache-release-v1/w4-ccache-bulk-trace-redis.strace.log"); \
nginx_cache_path_lines=$(awk -v p="/home/yunwei37/workspace/namei_ext/results/phase1/20260723T-build-cache-release-v1/w4-ccache-bulk-trace-work/ccache" 'index($0, p) > 0 { n++ } END { print n + 0 }' "/home/yunwei37/workspace/namei_ext/results/phase1/20260723T-build-cache-release-v1/w4-ccache-bulk-trace-nginx.strace.log"); \
cache_miss=$(awk '$1 == "cache_miss" { v = $2 } END { if (v == "") v = 0; print v }' "/home/yunwei37/workspace/namei_ext/results/phase1/20260723T-build-cache-release-v1/w4-ccache-bulk-trace-stats.txt"); \
direct_hit=$(awk '$1 == "direct_cache_hit" { v = $2 } END { if (v == "") v = 0; print v }' "/home/yunwei37/workspace/namei_ext/results/phase1/20260723T-build-cache-release-v1/w4-ccache-bulk-trace-stats.txt"); \
local_hit=$(awk '$1 == "local_storage_hit" { v = $2 } END { if (v == "") v = 0; print v }' "/home/yunwei37/workspace/namei_ext/results/phase1/20260723T-build-cache-release-v1/w4-ccache-bulk-trace-stats.txt"); \
local_write=$(awk '$1 == "local_storage_write" { v = $2 } END { if (v == "") v = 0; print v }' "/home/yunwei37/workspace/namei_ext/results/phase1/20260723T-build-cache-release-v1/w4-ccache-bulk-trace-stats.txt"); \
source_count=$(wc -l <"/home/yunwei37/workspace/namei_ext/results/phase1/20260723T-build-cache-release-v1/w4-ccache-bulk-source-manifest.tsv"); \
test "$redis_trace_lines" -gt 0; \
test "$nginx_trace_lines" -gt 0; \
test "$redis_cache_path_lines" -gt 0; \
test "$nginx_cache_path_lines" -gt 0; \
test "$cache_miss" -ge "$source_count"; \
test "$direct_hit" -ge "$source_count"; \
jq -cn --arg run_id "20260723T-build-cache-release-v1" --arg source_manifest "w4-ccache-bulk-source-manifest.tsv" --arg cache_dir "/home/yunwei37/workspace/namei_ext/results/phase1/20260723T-build-cache-release-v1/w4-ccache-bulk-trace-work/ccache" --arg redis_trace "w4-ccache-bulk-trace-redis.strace.log" --arg nginx_trace "w4-ccache-bulk-trace-nginx.strace.log" --arg artifacts_sha256 "w4-ccache-bulk-trace-artifacts.sha256" --arg stats_file "w4-ccache-bulk-trace-stats.txt" --argjson source_count "$source_count" --argjson redis_trace_lines "$redis_trace_lines" --argjson nginx_trace_lines "$nginx_trace_lines" --argjson redis_cache_path_lines "$redis_cache_path_lines" --argjson nginx_cache_path_lines "$nginx_cache_path_lines" --argjson cache_miss "$cache_miss" --argjson direct_cache_hit "$direct_hit" --argjson local_storage_hit "$local_hit" --argjson local_storage_write "$local_write" '{event:"w4-ccache-bulk-cache-path-trace", run_id:$run_id, result_level:"kvm_real_ccache_bulk_cache_path_trace_witness", workload:"w4-ccache-bulk-redis-nginx", run_environment:"kvm", real_ccache_run:true, ccache_cache_path_trace:true, policy_executed:false, kvm_validated:true, output_hash_match:true, source_manifest:$source_manifest, source_count:$source_count, ccache_cache_dir:$cache_dir, redis_trace_file_ops:$redis_trace_lines, nginx_trace_file_ops:$nginx_trace_lines, redis_cache_path_file_ops:$redis_cache_path_lines, nginx_cache_path_file_ops:$nginx_cache_path_lines, cache_path_file_ops:($redis_cache_path_lines + $nginx_cache_path_lines), cache_miss:$cache_miss, direct_cache_hit:$direct_cache_hit, local_storage_hit:$local_storage_hit, local_storage_write:$local_storage_write, redis_trace_file:$redis_trace, nginx_trace_file:$nginx_trace, stats_file:$stats_file, artifacts_sha256_file:$artifacts_sha256, operation_weighted_policy_cache_hit_rate:false, operation_weighted_policy_hit_rate_is_release:false, qualified_for_c8:false, detail:"multi-source real Redis/nginx ccache hot compiles touched CCACHE_DIR paths under KVM"}' >>"/home/yunwei37/workspace/namei_ext/results/phase1/20260723T-build-cache-release-v1/w4-ccache-bulk-trace.jsonl"; \
jq -cn --arg run_id "20260723T-build-cache-release-v1" --argjson source_count "$source_count" '{event:"w4-ccache-bulk-trace-summary", run_id:$run_id, result_level:"kvm_real_ccache_bulk_cache_path_trace_witness", workload:"w4-ccache-bulk-redis-nginx", run_environment:"kvm", pass:true, failures:0, real_ccache_run:true, ccache_cache_path_trace:true, policy_executed:false, kvm_validated:true, source_count:$source_count, qualified_for_c8:false, detail:"bulk real ccache cache-path trace witness passed; policy bridge and baselines are separate gates"}' >>"/home/yunwei37/workspace/namei_ext/results/phase1/20260723T-build-cache-release-v1/w4-ccache-bulk-trace.jsonl"
dmesg >"/home/yunwei37/workspace/namei_ext/results/phase1/20260723T-build-cache-release-v1/dmesg-w4-ccache-bulk-trace.log"
printf '{"event":"w4-ccache-bulk-trace-done","run_id":"%s","result_level":"kvm_real_ccache_bulk_cache_path_trace_witness"}\n' "20260723T-build-cache-release-v1" >>"/home/yunwei37/workspace/namei_ext/results/phase1/20260723T-build-cache-release-v1/w4-ccache-bulk-trace.jsonl"
make[1]: Leaving directory '/home/yunwei37/workspace/namei_ext'
make[1]: Entering directory '/home/yunwei37/workspace/namei_ext'
install -d "/home/yunwei37/workspace/namei_ext/results/phase1/20260723T-build-cache-release-v1" "/home/yunwei37/workspace/namei_ext/results/phase1/20260723T-build-cache-release-v1/w4-ccache-bulk-policy-bridge-work"
printf '{"event":"w4-ccache-bulk-policy-bridge-start","run_id":"%s","result_level":"kvm_real_ccache_bulk_policy_bridge_witness"}\n' "20260723T-build-cache-release-v1" >"/home/yunwei37/workspace/namei_ext/results/phase1/20260723T-build-cache-release-v1/w4-ccache-bulk-policy-bridge.jsonl"
if ! mountpoint -q /sys/fs/bpf; then mount -t bpf bpf /sys/fs/bpf; fi
if ! mountpoint -q /sys/kernel/debug; then mount -t debugfs debugfs /sys/kernel/debug; fi
if ! mountpoint -q /sys/fs/cgroup; then mount -t cgroup2 cgroup2 /sys/fs/cgroup; fi
test -s "/home/yunwei37/workspace/namei_ext/results/phase1/20260723T-build-cache-release-v1/w4-ccache-bulk-trace.jsonl"
test -s "/home/yunwei37/workspace/namei_ext/results/phase1/20260723T-build-cache-release-v1/w4-ccache-bulk-trace-inputs.sha256"
test -s "/home/yunwei37/workspace/namei_ext/results/phase1/20260723T-build-cache-release-v1/w4-ccache-bulk-trace-artifacts.sha256"
test -s "/home/yunwei37/workspace/namei_ext/results/phase1/20260723T-build-cache-release-v1/w4-ccache-bulk-trace-redis.strace.log"
test -s "/home/yunwei37/workspace/namei_ext/results/phase1/20260723T-build-cache-release-v1/w4-ccache-bulk-trace-nginx.strace.log"
test -d "/home/yunwei37/workspace/namei_ext/results/phase1/20260723T-build-cache-release-v1/w4-ccache-bulk-trace-work/ccache"
test -s "/home/yunwei37/workspace/namei_ext/bpf/policies/cache_locality_view.bpf.c"
test -s "/home/yunwei37/workspace/namei_ext/.build/bpf/cache_locality_view.bpf.o"
test -s "/home/yunwei37/workspace/namei_ext/tests/w1_oracle/namei_ext_w1_oracle.c"
test -x "/home/yunwei37/workspace/namei_ext/.build/w1-oracle/namei_ext_w1_oracle"
awk -v p="/home/yunwei37/workspace/namei_ext/results/phase1/20260723T-build-cache-release-v1/w4-ccache-bulk-trace-work/ccache" 'index($0, p) > 0 && /openat[(]/ && /O_RDONLY/ && / = [0-9]+$/ && $0 !~ /ccache[.]conf|stats|stats[.]alive|stats[.]lock|stats[.]tmp/ { line = $0; sub(/^[^"]*"/, "", line); sub(/".*/, "", line); print line }' "/home/yunwei37/workspace/namei_ext/results/phase1/20260723T-build-cache-release-v1/w4-ccache-bulk-trace-redis.strace.log" | sort -u | awk '{ printf "redis\t%s\n", $0 }' >"/home/yunwei37/workspace/namei_ext/results/phase1/20260723T-build-cache-release-v1/w4-ccache-bulk-policy-bridge-trace-objects.txt"
awk -v p="/home/yunwei37/workspace/namei_ext/results/phase1/20260723T-build-cache-release-v1/w4-ccache-bulk-trace-work/ccache" 'index($0, p) > 0 && /openat[(]/ && /O_RDONLY/ && / = [0-9]+$/ && $0 !~ /ccache[.]conf|stats|stats[.]alive|stats[.]lock|stats[.]tmp/ { line = $0; sub(/^[^"]*"/, "", line); sub(/".*/, "", line); print line }' "/home/yunwei37/workspace/namei_ext/results/phase1/20260723T-build-cache-release-v1/w4-ccache-bulk-trace-nginx.strace.log" | sort -u | awk '{ printf "nginx\t%s\n", $0 }' >>"/home/yunwei37/workspace/namei_ext/results/phase1/20260723T-build-cache-release-v1/w4-ccache-bulk-policy-bridge-trace-objects.txt"
redis_entries=$(awk -F '	' '$1 == "redis" { n++ } END { print n + 0 }' "/home/yunwei37/workspace/namei_ext/results/phase1/20260723T-build-cache-release-v1/w4-ccache-bulk-policy-bridge-trace-objects.txt"); \
nginx_entries=$(awk -F '	' '$1 == "nginx" { n++ } END { print n + 0 }' "/home/yunwei37/workspace/namei_ext/results/phase1/20260723T-build-cache-release-v1/w4-ccache-bulk-policy-bridge-trace-objects.txt"); \
total_entries=$(wc -l <"/home/yunwei37/workspace/namei_ext/results/phase1/20260723T-build-cache-release-v1/w4-ccache-bulk-policy-bridge-trace-objects.txt"); \
test "$redis_entries" -gt 0; \
test "$nginx_entries" -gt 0; \
test "$total_entries" -ge "16"; \
test "$total_entries" -le 128
: >"/home/yunwei37/workspace/namei_ext/results/phase1/20260723T-build-cache-release-v1/w4-ccache-bulk-policy-bridge-entries.tsv"
while IFS="	" read -r source original; do \
	test -s "$original"; \
	case "$source" in redis|nginx) ;; *) exit 1 ;; esac; \
	case "$original" in "/home/yunwei37/workspace/namei_ext/results/phase1/20260723T-build-cache-release-v1/w4-ccache-bulk-trace-work/ccache/"*) ;; *) exit 1 ;; esac; \
	rel="${original#/home/yunwei37/workspace/namei_ext/results/phase1/20260723T-build-cache-release-v1/w4-ccache-bulk-trace-work/ccache/}"; \
	case "$rel" in ""|"."|".."|../*|*/../*|*/..) exit 1 ;; esac; \
	parent_rel=$(dirname "$rel"); \
	base=$(basename "$rel"); \
	case "$base" in ""|*/*|.|..) exit 1 ;; esac; \
	test "${#base}" -le 249; \
	sha=$(sha256sum "$original" | awk '{ print $1 }'); \
	printf 'w4-ccache-bulk-redis-nginx\tverified_hit\ttrace-derived-bulk/%s/%s\t.\t%s\t%s.local\t%s\t%s\n' "$source" "$parent_rel" "$base" "$base" "$original" "$sha" >>"/home/yunwei37/workspace/namei_ext/results/phase1/20260723T-build-cache-release-v1/w4-ccache-bulk-policy-bridge-entries.tsv"; \
done <"/home/yunwei37/workspace/namei_ext/results/phase1/20260723T-build-cache-release-v1/w4-ccache-bulk-policy-bridge-trace-objects.txt"
test "$(wc -l <"/home/yunwei37/workspace/namei_ext/results/phase1/20260723T-build-cache-release-v1/w4-ccache-bulk-policy-bridge-entries.tsv")" = "$(wc -l <"/home/yunwei37/workspace/namei_ext/results/phase1/20260723T-build-cache-release-v1/w4-ccache-bulk-policy-bridge-trace-objects.txt")"
awk -F '	' 'NF == 8 && $1 == "w4-ccache-bulk-redis-nginx" && $2 == "verified_hit" && $3 ~ /^trace-derived-bulk\/(redis|nginx)\// && $4 == "." && $5 != "" && $6 == ($5 ".local") && $7 != "" && length($8) == 64 { n++ } END { exit !(n >= '"16"') }' "/home/yunwei37/workspace/namei_ext/results/phase1/20260723T-build-cache-release-v1/w4-ccache-bulk-policy-bridge-entries.tsv"
while IFS="	" read -r workload branch parent_relative parent_absolute visible shadow original sha; do test -e "$original"; printf '%s  %s\n' "$sha" "$original" | sha256sum -c - >/dev/null; done <"/home/yunwei37/workspace/namei_ext/results/phase1/20260723T-build-cache-release-v1/w4-ccache-bulk-policy-bridge-entries.tsv"
sha256sum "/home/yunwei37/workspace/namei_ext/results/phase1/20260723T-build-cache-release-v1/w4-ccache-bulk-trace.jsonl" "/home/yunwei37/workspace/namei_ext/results/phase1/20260723T-build-cache-release-v1/w4-ccache-bulk-trace-inputs.sha256" "/home/yunwei37/workspace/namei_ext/results/phase1/20260723T-build-cache-release-v1/w4-ccache-bulk-trace-artifacts.sha256" "/home/yunwei37/workspace/namei_ext/results/phase1/20260723T-build-cache-release-v1/w4-ccache-bulk-trace-redis.strace.log" "/home/yunwei37/workspace/namei_ext/results/phase1/20260723T-build-cache-release-v1/w4-ccache-bulk-trace-nginx.strace.log" "/home/yunwei37/workspace/namei_ext/results/phase1/20260723T-build-cache-release-v1/w4-ccache-bulk-policy-bridge-trace-objects.txt" "/home/yunwei37/workspace/namei_ext/results/phase1/20260723T-build-cache-release-v1/w4-ccache-bulk-policy-bridge-entries.tsv" "/home/yunwei37/workspace/namei_ext/bpf/policies/cache_locality_view.bpf.c" "/home/yunwei37/workspace/namei_ext/.build/bpf/cache_locality_view.bpf.o" "/home/yunwei37/workspace/namei_ext/tests/w1_oracle/namei_ext_w1_oracle.c" "/home/yunwei37/workspace/namei_ext/.build/w1-oracle/namei_ext_w1_oracle" "/home/yunwei37/workspace/namei_ext/docs/tmp/2026-06-16-w4-bulk-ccache-workload-design.md" "/home/yunwei37/workspace/namei_ext/mk/kvm.mk" >"/home/yunwei37/workspace/namei_ext/results/phase1/20260723T-build-cache-release-v1/w4-ccache-bulk-policy-bridge-inputs.sha256"
printf '{"event":"w4-ccache-bulk-policy-bridge-input","run_id":"%s","result_level":"kvm_real_ccache_bulk_policy_bridge_witness","input_sha256_file":"w4-ccache-bulk-policy-bridge-inputs.sha256","trace_json":"%s","trace_objects":"%s","entries_tsv":"%s","work_dir":"%s","policy":"cache_locality_view.bpf.c"}\n' "20260723T-build-cache-release-v1" "/home/yunwei37/workspace/namei_ext/results/phase1/20260723T-build-cache-release-v1/w4-ccache-bulk-trace.jsonl" "/home/yunwei37/workspace/namei_ext/results/phase1/20260723T-build-cache-release-v1/w4-ccache-bulk-policy-bridge-trace-objects.txt" "/home/yunwei37/workspace/namei_ext/results/phase1/20260723T-build-cache-release-v1/w4-ccache-bulk-policy-bridge-entries.tsv" "/home/yunwei37/workspace/namei_ext/results/phase1/20260723T-build-cache-release-v1/w4-ccache-bulk-policy-bridge-work" >>"/home/yunwei37/workspace/namei_ext/results/phase1/20260723T-build-cache-release-v1/w4-ccache-bulk-policy-bridge.jsonl"
"/home/yunwei37/workspace/namei_ext/.build/w1-oracle/namei_ext_w1_oracle" --cache-content "/home/yunwei37/workspace/namei_ext/results/phase1/20260723T-build-cache-release-v1/w4-ccache-bulk-policy-bridge.jsonl" /sys/fs/cgroup "/home/yunwei37/workspace/namei_ext/results/phase1/20260723T-build-cache-release-v1/w4-ccache-bulk-policy-bridge-work" "/home/yunwei37/workspace/namei_ext/results/phase1/20260723T-build-cache-release-v1/w4-ccache-bulk-policy-bridge-entries.tsv" "/home/yunwei37/workspace/namei_ext/.build/bpf/cache_locality_view.bpf.o"
policy_failures=$(jq -s '[.[] | select(.event == "w4-cache-content-summary") | .failures] | add // 0' "/home/yunwei37/workspace/namei_ext/results/phase1/20260723T-build-cache-release-v1/w4-ccache-bulk-policy-bridge.jsonl"); \
redis_entries=$(awk -F '	' '$1 == "redis" { n++ } END { print n + 0 }' "/home/yunwei37/workspace/namei_ext/results/phase1/20260723T-build-cache-release-v1/w4-ccache-bulk-policy-bridge-trace-objects.txt"); \
nginx_entries=$(awk -F '	' '$1 == "nginx" { n++ } END { print n + 0 }' "/home/yunwei37/workspace/namei_ext/results/phase1/20260723T-build-cache-release-v1/w4-ccache-bulk-policy-bridge-trace-objects.txt"); \
total_entries=$(wc -l <"/home/yunwei37/workspace/namei_ext/results/phase1/20260723T-build-cache-release-v1/w4-ccache-bulk-policy-bridge-trace-objects.txt"); \
attached_matches=$(jq -s '[.[] | select(.event == "w4-cache-content" and .op == "attached_expected_match" and .pass == true)] | length' "/home/yunwei37/workspace/namei_ext/results/phase1/20260723T-build-cache-release-v1/w4-ccache-bulk-policy-bridge.jsonl"); \
readdir_aliases=$(jq -s '[.[] | select(.event == "w4-cache-content" and .op == "readdir_alias" and .pass == true)] | length' "/home/yunwei37/workspace/namei_ext/results/phase1/20260723T-build-cache-release-v1/w4-ccache-bulk-policy-bridge.jsonl"); \
test "$policy_failures" = "0"; \
test "$attached_matches" = "$total_entries"; \
test "$readdir_aliases" = "$total_entries"; \
jq -cn --arg run_id "20260723T-build-cache-release-v1" --argjson policy_failures "$policy_failures" --argjson redis_entries "$redis_entries" --argjson nginx_entries "$nginx_entries" --argjson total_entries "$total_entries" '{event:"w4-ccache-bulk-policy-bridge-summary", run_id:$run_id, result_level:"kvm_real_ccache_bulk_policy_bridge_witness", workload:"w4-ccache-bulk-redis-nginx", policy_family:"cache_locality_view.bpf.c", run_environment:"kvm", real_ccache_trace_basis:true, ccache_cache_path_trace:true, trace_derived_policy_oracle_executed:true, ccache_compile_policy_executed:false, policy_executed:true, kvm_validated:true, trace_objects:$total_entries, entries:$total_entries, redis_trace_objects:$redis_entries, nginx_trace_objects:$nginx_entries, policy_content_oracle_failures:$policy_failures, pass:true, failures:0, qualified_for_c8:false, detail:"bulk trace-derived ccache cache object components executed cache_locality policy content oracle"}' >>"/home/yunwei37/workspace/namei_ext/results/phase1/20260723T-build-cache-release-v1/w4-ccache-bulk-policy-bridge.jsonl"
dmesg >"/home/yunwei37/workspace/namei_ext/results/phase1/20260723T-build-cache-release-v1/dmesg-w4-ccache-bulk-policy-bridge.log"
printf '{"event":"w4-ccache-bulk-policy-bridge-done","run_id":"%s","result_level":"kvm_real_ccache_bulk_policy_bridge_witness"}\n' "20260723T-build-cache-release-v1" >>"/home/yunwei37/workspace/namei_ext/results/phase1/20260723T-build-cache-release-v1/w4-ccache-bulk-policy-bridge.jsonl"
make[1]: Leaving directory '/home/yunwei37/workspace/namei_ext'
make[1]: Entering directory '/home/yunwei37/workspace/namei_ext'
install -d "/home/yunwei37/workspace/namei_ext/results/phase1/20260723T-build-cache-release-v1"
printf '{"event":"w4-ccache-bulk-policy-compile-start","run_id":"%s","result_level":"kvm_real_ccache_bulk_policy_compile_witness","samples":%s}\n' "20260723T-build-cache-release-v1" "20" >"/home/yunwei37/workspace/namei_ext/results/phase1/20260723T-build-cache-release-v1/w4-ccache-bulk-policy-compile.jsonl"
if ! mountpoint -q /sys/fs/bpf; then mount -t bpf bpf /sys/fs/bpf; fi
if ! mountpoint -q /sys/kernel/debug; then mount -t debugfs debugfs /sys/kernel/debug; fi
if ! mountpoint -q /sys/fs/cgroup; then mount -t cgroup2 cgroup2 /sys/fs/cgroup; fi
test -s "/home/yunwei37/workspace/namei_ext/results/phase1/20260723T-build-cache-release-v1/w4-ccache-bulk-policy-bridge.jsonl"
test -s "/home/yunwei37/workspace/namei_ext/results/phase1/20260723T-build-cache-release-v1/w4-ccache-bulk-policy-bridge-trace-objects.txt"
test -s "/home/yunwei37/workspace/namei_ext/results/phase1/20260723T-build-cache-release-v1/w4-ccache-bulk-policy-bridge-entries.tsv"
test -s "/home/yunwei37/workspace/namei_ext/results/phase1/20260723T-build-cache-release-v1/w4-ccache-bulk-source-manifest.tsv"
test -s "/home/yunwei37/workspace/namei_ext/results/phase1/20260723T-build-cache-release-v1/w4-ccache-bulk-trace-inputs.sha256"
test -s "/home/yunwei37/workspace/namei_ext/results/phase1/20260723T-build-cache-release-v1/w4-ccache-bulk-trace-artifacts.sha256"
test -d "/home/yunwei37/workspace/namei_ext/results/phase1/20260723T-build-cache-release-v1/w4-ccache-bulk-trace-work/ccache"
test -d "/home/yunwei37/workspace/namei_ext/results/phase1/20260723T-build-cache-release-v1/w4-ccache-bulk-trace-work/hot"
test -s "/home/yunwei37/workspace/namei_ext/bpf/policies/cache_locality_view.bpf.c"
test -s "/home/yunwei37/workspace/namei_ext/.build/bpf/cache_locality_view.bpf.o"
test -s "/home/yunwei37/workspace/namei_ext/tests/w1_oracle/namei_ext_w1_oracle.c"
test -x "/home/yunwei37/workspace/namei_ext/.build/w1-oracle/namei_ext_w1_oracle"
test -s "/home/yunwei37/workspace/namei_ext/docs/tmp/2026-06-16-w4-bulk-policy-compile-implementation.md"
command -v ccache >"/home/yunwei37/workspace/namei_ext/results/phase1/20260723T-build-cache-release-v1/w4-ccache-bulk-policy-compile-ccache.path"
ccache --version >"/home/yunwei37/workspace/namei_ext/results/phase1/20260723T-build-cache-release-v1/w4-ccache-bulk-policy-compile-ccache.version"
source_count=$(wc -l <"/home/yunwei37/workspace/namei_ext/results/phase1/20260723T-build-cache-release-v1/w4-ccache-bulk-source-manifest.tsv"); \
hot_objects=$(find "/home/yunwei37/workspace/namei_ext/results/phase1/20260723T-build-cache-release-v1/w4-ccache-bulk-trace-work/hot" -maxdepth 1 -type f -name '*.o' | wc -l); \
test "$source_count" -gt 1; \
test "$hot_objects" = "$source_count"
rm -rf "/home/yunwei37/workspace/namei_ext/results/phase1/20260723T-build-cache-release-v1/w4-ccache-bulk-policy-compile-work"
install -d "/home/yunwei37/workspace/namei_ext/results/phase1/20260723T-build-cache-release-v1/w4-ccache-bulk-policy-compile-work"
cp -a "/home/yunwei37/workspace/namei_ext/results/phase1/20260723T-build-cache-release-v1/w4-ccache-bulk-trace-work/ccache" "/home/yunwei37/workspace/namei_ext/results/phase1/20260723T-build-cache-release-v1/w4-ccache-bulk-policy-compile-work/ccache"
sha256sum "/home/yunwei37/workspace/namei_ext/results/phase1/20260723T-build-cache-release-v1/w4-ccache-bulk-policy-bridge.jsonl" "/home/yunwei37/workspace/namei_ext/results/phase1/20260723T-build-cache-release-v1/w4-ccache-bulk-policy-bridge-trace-objects.txt" "/home/yunwei37/workspace/namei_ext/results/phase1/20260723T-build-cache-release-v1/w4-ccache-bulk-policy-bridge-entries.tsv" "/home/yunwei37/workspace/namei_ext/results/phase1/20260723T-build-cache-release-v1/w4-ccache-bulk-source-manifest.tsv" "/home/yunwei37/workspace/namei_ext/results/phase1/20260723T-build-cache-release-v1/w4-ccache-bulk-trace-inputs.sha256" "/home/yunwei37/workspace/namei_ext/results/phase1/20260723T-build-cache-release-v1/w4-ccache-bulk-trace-artifacts.sha256" "/home/yunwei37/workspace/namei_ext/bpf/policies/cache_locality_view.bpf.c" "/home/yunwei37/workspace/namei_ext/.build/bpf/cache_locality_view.bpf.o" "/home/yunwei37/workspace/namei_ext/tests/w1_oracle/namei_ext_w1_oracle.c" "/home/yunwei37/workspace/namei_ext/.build/w1-oracle/namei_ext_w1_oracle" "/home/yunwei37/workspace/namei_ext/results/phase1/20260723T-build-cache-release-v1/w4-ccache-bulk-policy-compile-ccache.version" "/home/yunwei37/workspace/namei_ext/docs/tmp/2026-06-16-w4-bulk-policy-compile-implementation.md" "/home/yunwei37/workspace/namei_ext/mk/kvm.mk" >"/home/yunwei37/workspace/namei_ext/results/phase1/20260723T-build-cache-release-v1/w4-ccache-bulk-policy-compile-inputs.sha256"
sha256sum -c "/home/yunwei37/workspace/namei_ext/results/phase1/20260723T-build-cache-release-v1/w4-ccache-bulk-policy-compile-inputs.sha256" >/dev/null
printf '{"event":"w4-ccache-bulk-policy-compile-input","run_id":"%s","result_level":"kvm_real_ccache_bulk_policy_compile_witness","input_sha256_file":"w4-ccache-bulk-policy-compile-inputs.sha256","entries_tsv":"%s","source_manifest":"%s","work_dir":"%s","ccache_dir":"%s","trace_cache_dir":"%s","baseline_hot_dir":"%s","stats_file":"w4-ccache-bulk-policy-compile-stats.txt","samples":%s,"policy":"cache_locality_view.bpf.c"}\n' "20260723T-build-cache-release-v1" "/home/yunwei37/workspace/namei_ext/results/phase1/20260723T-build-cache-release-v1/w4-ccache-bulk-policy-bridge-entries.tsv" "/home/yunwei37/workspace/namei_ext/results/phase1/20260723T-build-cache-release-v1/w4-ccache-bulk-source-manifest.tsv" "/home/yunwei37/workspace/namei_ext/results/phase1/20260723T-build-cache-release-v1/w4-ccache-bulk-policy-compile-work" "/home/yunwei37/workspace/namei_ext/results/phase1/20260723T-build-cache-release-v1/w4-ccache-bulk-policy-compile-work/ccache" "/home/yunwei37/workspace/namei_ext/results/phase1/20260723T-build-cache-release-v1/w4-ccache-bulk-trace-work/ccache" "/home/yunwei37/workspace/namei_ext/results/phase1/20260723T-build-cache-release-v1/w4-ccache-bulk-trace-work/hot" "20" >>"/home/yunwei37/workspace/namei_ext/results/phase1/20260723T-build-cache-release-v1/w4-ccache-bulk-policy-compile.jsonl"
"/home/yunwei37/workspace/namei_ext/.build/w1-oracle/namei_ext_w1_oracle" --ccache-bulk-policy-compile "/home/yunwei37/workspace/namei_ext/results/phase1/20260723T-build-cache-release-v1/w4-ccache-bulk-policy-compile.jsonl" /sys/fs/cgroup "/home/yunwei37/workspace/namei_ext/results/phase1/20260723T-build-cache-release-v1/w4-ccache-bulk-policy-compile-work" "/home/yunwei37/workspace/namei_ext/results/phase1/20260723T-build-cache-release-v1/w4-ccache-bulk-policy-compile-work/ccache" "/home/yunwei37/workspace/namei_ext/results/phase1/20260723T-build-cache-release-v1/w4-ccache-bulk-trace-work/ccache" "/home/yunwei37/workspace/namei_ext/results/phase1/20260723T-build-cache-release-v1/w4-ccache-bulk-policy-bridge-entries.tsv" "/home/yunwei37/workspace/namei_ext/results/phase1/20260723T-build-cache-release-v1/w4-ccache-bulk-source-manifest.tsv" "/home/yunwei37/workspace/namei_ext/.build/workloads/runs/20260723T-build-cache-release-v1/w1-redis-build/src" "/home/yunwei37/workspace/namei_ext/.build/workloads/runs/20260723T-build-cache-release-v1/w1-nginx-build/src" "/home/yunwei37/workspace/namei_ext/results/phase1/20260723T-build-cache-release-v1/w4-ccache-bulk-trace-work/hot" "/home/yunwei37/workspace/namei_ext/.build/bpf/cache_locality_view.bpf.o" "/home/yunwei37/workspace/namei_ext/results/phase1/20260723T-build-cache-release-v1/w4-ccache-bulk-policy-compile-stats.txt"
source_count=$(wc -l <"/home/yunwei37/workspace/namei_ext/results/phase1/20260723T-build-cache-release-v1/w4-ccache-bulk-source-manifest.tsv"); \
output_count=$(find "/home/yunwei37/workspace/namei_ext/results/phase1/20260723T-build-cache-release-v1/w4-ccache-bulk-policy-compile-work" -maxdepth 1 -type f -name '*.policy.o' | wc -l); \
trace_count=$(find "/home/yunwei37/workspace/namei_ext/results/phase1/20260723T-build-cache-release-v1/w4-ccache-bulk-policy-compile-work" -maxdepth 1 -type f -name '*.policy.strace.log' | wc -l); \
test "$output_count" = "$source_count"; \
test "$trace_count" = "$source_count"
find "/home/yunwei37/workspace/namei_ext/results/phase1/20260723T-build-cache-release-v1/w4-ccache-bulk-policy-compile-work" -maxdepth 1 -type f \( -name '*.policy.o' -o -name '*.policy.strace.log' \) -print | sort | xargs sha256sum >"/home/yunwei37/workspace/namei_ext/results/phase1/20260723T-build-cache-release-v1/w4-ccache-bulk-policy-compile-outputs.sha256"
cache_miss=$(awk '$1 == "cache_miss" { v = $2 } END { if (v == "") v = 0; print v }' "/home/yunwei37/workspace/namei_ext/results/phase1/20260723T-build-cache-release-v1/w4-ccache-bulk-policy-compile-stats.txt"); \
direct_hit=$(awk '$1 == "direct_cache_hit" { v = $2 } END { if (v == "") v = 0; print v }' "/home/yunwei37/workspace/namei_ext/results/phase1/20260723T-build-cache-release-v1/w4-ccache-bulk-policy-compile-stats.txt"); \
local_hit=$(awk '$1 == "local_storage_hit" { v = $2 } END { if (v == "") v = 0; print v }' "/home/yunwei37/workspace/namei_ext/results/phase1/20260723T-build-cache-release-v1/w4-ccache-bulk-policy-compile-stats.txt"); \
local_write=$(awk '$1 == "local_storage_write" { v = $2 } END { if (v == "") v = 0; print v }' "/home/yunwei37/workspace/namei_ext/results/phase1/20260723T-build-cache-release-v1/w4-ccache-bulk-policy-compile-stats.txt"); \
source_count=$(jq -s '[.[] | select(.event == "w4-ccache-bulk-policy-compile-summary")][0].source_manifest_count // 0' "/home/yunwei37/workspace/namei_ext/results/phase1/20260723T-build-cache-release-v1/w4-ccache-bulk-policy-compile.jsonl"); \
compile_jobs=$(jq -s '[.[] | select(.event == "w4-ccache-bulk-policy-compile-summary")][0].attached_compile_jobs // 0' "/home/yunwei37/workspace/namei_ext/results/phase1/20260723T-build-cache-release-v1/w4-ccache-bulk-policy-compile.jsonl"); \
output_matches=$(jq -s '[.[] | select(.event == "w4-ccache-bulk-policy-compile-summary")][0].attached_compile_output_matches // 0' "/home/yunwei37/workspace/namei_ext/results/phase1/20260723T-build-cache-release-v1/w4-ccache-bulk-policy-compile.jsonl"); \
redirected=$(jq -s '[.[] | select(.event == "w4-ccache-bulk-policy-compile-summary")][0].policy_redirected_cache_objects // 0' "/home/yunwei37/workspace/namei_ext/results/phase1/20260723T-build-cache-release-v1/w4-ccache-bulk-policy-compile.jsonl"); \
cache_path_ops=$(jq -s '[.[] | select(.event == "w4-ccache-bulk-policy-compile-summary")][0].attached_cache_path_file_ops // 0' "/home/yunwei37/workspace/namei_ext/results/phase1/20260723T-build-cache-release-v1/w4-ccache-bulk-policy-compile.jsonl"); \
object_ops=$(jq -s '[.[] | select(.event == "w4-ccache-bulk-policy-compile-summary")][0].attached_policy_cache_object_ops // 0' "/home/yunwei37/workspace/namei_ext/results/phase1/20260723T-build-cache-release-v1/w4-ccache-bulk-policy-compile.jsonl"); \
failures=$(jq -s '[.[] | select(.event == "w4-ccache-bulk-policy-compile-summary")][0].failures // 1' "/home/yunwei37/workspace/namei_ext/results/phase1/20260723T-build-cache-release-v1/w4-ccache-bulk-policy-compile.jsonl"); \
output_hash_match=$(jq -s '[.[] | select(.event == "w4-ccache-bulk-policy-compile-summary")][0].output_hash_match // false' "/home/yunwei37/workspace/namei_ext/results/phase1/20260723T-build-cache-release-v1/w4-ccache-bulk-policy-compile.jsonl"); \
test "$failures" = "0"; \
test "$compile_jobs" = "$source_count"; \
test "$output_matches" = "$source_count"; \
test "$output_hash_match" = "true"; \
test "$redirected" -ge "16"; \
test "$cache_path_ops" -gt 0; \
test "$object_ops" -gt 0; \
test "$direct_hit" -ge "$source_count"; \
jq -cn --arg run_id "20260723T-build-cache-release-v1" --argjson cache_miss "$cache_miss" --argjson direct_cache_hit "$direct_hit" --argjson local_storage_hit "$local_hit" --argjson local_storage_write "$local_write" --argjson source_count "$source_count" --argjson compile_jobs "$compile_jobs" --argjson output_matches "$output_matches" --argjson redirected "$redirected" --argjson cache_path_ops "$cache_path_ops" --argjson object_ops "$object_ops" '{event:"w4-ccache-bulk-policy-compile-stats", run_id:$run_id, result_level:"kvm_real_ccache_bulk_policy_compile_witness", workload:"w4-ccache-bulk-redis-nginx", run_environment:"kvm", policy_family:"cache_locality_view.bpf.c", real_ccache_run:true, policy_executed:true, ccache_compile_policy_executed:true, kvm_validated:true, source_count:$source_count, attached_compile_jobs:$compile_jobs, attached_compile_output_matches:$output_matches, policy_redirected_cache_objects:$redirected, attached_cache_path_file_ops:$cache_path_ops, attached_policy_cache_object_ops:$object_ops, cache_miss:$cache_miss, direct_cache_hit:$direct_cache_hit, local_storage_hit:$local_storage_hit, local_storage_write:$local_storage_write, operation_weighted_policy_cache_hit_rate:false, operation_weighted_policy_hit_rate_is_release:false, qualified_for_c8:false, detail:"bulk Redis/nginx ccache hot compiles ran under attached cache_locality policy"}' >>"/home/yunwei37/workspace/namei_ext/results/phase1/20260723T-build-cache-release-v1/w4-ccache-bulk-policy-compile.jsonl"
set -e; \
test "20" -ge 1; \
sample=1; \
while test "$sample" -lt "20"; do \
	sample_label=$(printf '%03d' "$sample"); \
	sample_dir="/home/yunwei37/workspace/namei_ext/results/phase1/20260723T-build-cache-release-v1/w4-ccache-bulk-policy-compile-work/sample-$sample_label"; \
	sample_cache="$sample_dir/ccache"; \
	sample_stats="$sample_dir/w4-ccache-bulk-policy-compile-stats.txt"; \
	install -d "$sample_dir"; \
	cp -a "/home/yunwei37/workspace/namei_ext/results/phase1/20260723T-build-cache-release-v1/w4-ccache-bulk-trace-work/ccache" "$sample_cache"; \
	"/home/yunwei37/workspace/namei_ext/.build/w1-oracle/namei_ext_w1_oracle" --ccache-bulk-policy-compile "/home/yunwei37/workspace/namei_ext/results/phase1/20260723T-build-cache-release-v1/w4-ccache-bulk-policy-compile.jsonl" /sys/fs/cgroup "$sample_dir" "$sample_cache" "/home/yunwei37/workspace/namei_ext/results/phase1/20260723T-build-cache-release-v1/w4-ccache-bulk-trace-work/ccache" "/home/yunwei37/workspace/namei_ext/results/phase1/20260723T-build-cache-release-v1/w4-ccache-bulk-policy-bridge-entries.tsv" "/home/yunwei37/workspace/namei_ext/results/phase1/20260723T-build-cache-release-v1/w4-ccache-bulk-source-manifest.tsv" "/home/yunwei37/workspace/namei_ext/.build/workloads/runs/20260723T-build-cache-release-v1/w1-redis-build/src" "/home/yunwei37/workspace/namei_ext/.build/workloads/runs/20260723T-build-cache-release-v1/w1-nginx-build/src" "/home/yunwei37/workspace/namei_ext/results/phase1/20260723T-build-cache-release-v1/w4-ccache-bulk-trace-work/hot" "/home/yunwei37/workspace/namei_ext/.build/bpf/cache_locality_view.bpf.o" "$sample_stats"; \
	sample=$((sample + 1)); \
done
source_count=$(wc -l <"/home/yunwei37/workspace/namei_ext/results/phase1/20260723T-build-cache-release-v1/w4-ccache-bulk-source-manifest.tsv"); \
expected_outputs=$((source_count * 20)); \
output_count=$(find "/home/yunwei37/workspace/namei_ext/results/phase1/20260723T-build-cache-release-v1/w4-ccache-bulk-policy-compile-work" -type f -name '*.policy.o' | wc -l); \
trace_count=$(find "/home/yunwei37/workspace/namei_ext/results/phase1/20260723T-build-cache-release-v1/w4-ccache-bulk-policy-compile-work" -type f -name '*.policy.strace.log' | wc -l); \
test "$output_count" = "$expected_outputs"; \
test "$trace_count" = "$expected_outputs"
find "/home/yunwei37/workspace/namei_ext/results/phase1/20260723T-build-cache-release-v1/w4-ccache-bulk-policy-compile-work" -type f \( -name '*.policy.o' -o -name '*.policy.strace.log' -o -name 'w4-ccache-bulk-policy-compile-stats.txt' \) -print | sort | xargs sha256sum >"/home/yunwei37/workspace/namei_ext/results/phase1/20260723T-build-cache-release-v1/w4-ccache-bulk-policy-compile-outputs.sha256"
source_count=$(wc -l <"/home/yunwei37/workspace/namei_ext/results/phase1/20260723T-build-cache-release-v1/w4-ccache-bulk-source-manifest.tsv"); \
cache_miss=$(find "/home/yunwei37/workspace/namei_ext/results/phase1/20260723T-build-cache-release-v1/w4-ccache-bulk-policy-compile-work" -type f -name 'w4-ccache-bulk-policy-compile-stats.txt' -print | sort | xargs awk '$1 == "cache_miss" { v += $2 } END { print v + 0 }'); \
direct_hit=$(find "/home/yunwei37/workspace/namei_ext/results/phase1/20260723T-build-cache-release-v1/w4-ccache-bulk-policy-compile-work" -type f -name 'w4-ccache-bulk-policy-compile-stats.txt' -print | sort | xargs awk '$1 == "direct_cache_hit" { v += $2 } END { print v + 0 }'); \
local_hit=$(find "/home/yunwei37/workspace/namei_ext/results/phase1/20260723T-build-cache-release-v1/w4-ccache-bulk-policy-compile-work" -type f -name 'w4-ccache-bulk-policy-compile-stats.txt' -print | sort | xargs awk '$1 == "local_storage_hit" { v += $2 } END { print v + 0 }'); \
local_write=$(find "/home/yunwei37/workspace/namei_ext/results/phase1/20260723T-build-cache-release-v1/w4-ccache-bulk-policy-compile-work" -type f -name 'w4-ccache-bulk-policy-compile-stats.txt' -print | sort | xargs awk '$1 == "local_storage_write" { v += $2 } END { print v + 0 }'); \
jq -c -s --arg run_id "20260723T-build-cache-release-v1" --argjson samples "20" --argjson source_count "$source_count" --argjson cache_miss "$cache_miss" --argjson direct_cache_hit "$direct_hit" --argjson local_storage_hit "$local_hit" --argjson local_storage_write "$local_write" '[.[] | select(.event == "w4-ccache-bulk-policy-compile-summary")] as $rows | ($rows | map(.failures // 0) | add // 0) as $failures | ($rows | map(.attached_compile_jobs // 0) | add // 0) as $jobs | ($rows | map(.attached_compile_output_matches // 0) | add // 0) as $matches | ($rows | map(.policy_redirected_cache_objects // 0) | add // 0) as $redirected | ($rows | map(.attached_cache_path_file_ops // 0) | add // 0) as $cache_path_ops | ($rows | map(.attached_policy_cache_object_ops // 0) | add // 0) as $object_ops | ($rows | all(.output_hash_match == true)) as $hash_ok | {event:"w4-ccache-bulk-policy-compile-release-summary", run_id:$run_id, result_level:"kvm_real_ccache_bulk_policy_compile_release_input", workload:"w4-ccache-bulk-redis-nginx", policy_family:"cache_locality_view.bpf.c", run_environment:"kvm", real_ccache_run:true, bulk_policy_compile:true, samples:$samples, compile_rows:($rows | length), source_manifest_count:$source_count, attached_compile_jobs:$jobs, attached_compile_output_matches:$matches, policy_executed:true, ccache_compile_policy_executed:true, kvm_validated:true, output_hash_match:$hash_ok, policy_redirected_cache_objects:$redirected, attached_cache_path_file_ops:$cache_path_ops, attached_policy_cache_object_ops:$object_ops, attached_sampled_operation_hit_rate:(if $cache_path_ops > 0 then ($object_ops / $cache_path_ops) else 0 end), cache_miss:$cache_miss, direct_cache_hit:$direct_cache_hit, local_storage_hit:$local_storage_hit, local_storage_write:$local_storage_write, pass:(($rows | length) == $samples and $failures == 0 and $hash_ok and $jobs == ($samples * $source_count) and $matches == $jobs and $cache_path_ops > 0 and $object_ops > 0), failures:$failures, operation_weighted_policy_cache_hit_rate:true, operation_weighted_policy_hit_rate_is_release:true, qualified_for_c8:false, release_gate_pass:false, detail:"bulk Redis/nginx ccache hot compiles ran repeatedly under attached cache_locality policy; this is a release compile input, not a stale-window/table-budget C8 proof"}' "/home/yunwei37/workspace/namei_ext/results/phase1/20260723T-build-cache-release-v1/w4-ccache-bulk-policy-compile.jsonl" >"/home/yunwei37/workspace/namei_ext/results/phase1/20260723T-build-cache-release-v1/w4-ccache-bulk-policy-compile.jsonl.release-summary"
cat "/home/yunwei37/workspace/namei_ext/results/phase1/20260723T-build-cache-release-v1/w4-ccache-bulk-policy-compile.jsonl.release-summary" >>"/home/yunwei37/workspace/namei_ext/results/phase1/20260723T-build-cache-release-v1/w4-ccache-bulk-policy-compile.jsonl"
source_count=$(wc -l <"/home/yunwei37/workspace/namei_ext/results/phase1/20260723T-build-cache-release-v1/w4-ccache-bulk-source-manifest.tsv"); \
jq -e --argjson samples "20" --argjson source_count "$source_count" --argjson min_trace_objects "16" -s '([.[] | select(.event == "w4-ccache-bulk-policy-compile-release-summary")][0]) as $s | $s.samples == $samples and $s.compile_rows == $samples and $s.pass == true and $s.policy_executed == true and $s.ccache_compile_policy_executed == true and $s.output_hash_match == true and $s.attached_compile_jobs == ($samples * $source_count) and $s.attached_compile_output_matches == $s.attached_compile_jobs and $s.policy_redirected_cache_objects >= ($samples * $min_trace_objects) and $s.attached_cache_path_file_ops > 0 and $s.attached_policy_cache_object_ops > 0 and $s.operation_weighted_policy_hit_rate_is_release == true and $s.qualified_for_c8 == false' "/home/yunwei37/workspace/namei_ext/results/phase1/20260723T-build-cache-release-v1/w4-ccache-bulk-policy-compile.jsonl" >/dev/null
dmesg >"/home/yunwei37/workspace/namei_ext/results/phase1/20260723T-build-cache-release-v1/dmesg-w4-ccache-bulk-policy-compile.log"
dmesg_issues=$(awk '/] (BUG:|WARNING:|Oops:|Kernel panic|panic:|hung task)|kernel BUG at|INFO: task .* blocked for more than/ { n++ } END { print n + 0 }' "/home/yunwei37/workspace/namei_ext/results/phase1/20260723T-build-cache-release-v1/dmesg-w4-ccache-bulk-policy-compile.log"); test "$dmesg_issues" = "0"
printf '{"event":"w4-ccache-bulk-policy-compile-done","run_id":"%s","result_level":"kvm_real_ccache_bulk_policy_compile_witness","samples":%s}\n' "20260723T-build-cache-release-v1" "20" >>"/home/yunwei37/workspace/namei_ext/results/phase1/20260723T-build-cache-release-v1/w4-ccache-bulk-policy-compile.jsonl"
make[1]: Leaving directory '/home/yunwei37/workspace/namei_ext'
make[1]: Entering directory '/home/yunwei37/workspace/namei_ext'
install -d "/home/yunwei37/workspace/namei_ext/results/phase1/20260723T-build-cache-release-v1"
printf '{"event":"w4-ccache-bulk-native-compile-start","run_id":"%s","result_level":"kvm_external_native_ccache_compile_baseline","samples":%s}\n' "20260723T-build-cache-release-v1" "20" >"/home/yunwei37/workspace/namei_ext/results/phase1/20260723T-build-cache-release-v1/w4-ccache-bulk-native-compile.jsonl"
test -s "/home/yunwei37/workspace/namei_ext/results/phase1/20260723T-build-cache-release-v1/w4-ccache-bulk-trace.jsonl"
test -s "/home/yunwei37/workspace/namei_ext/results/phase1/20260723T-build-cache-release-v1/w4-ccache-bulk-trace-inputs.sha256"
test -s "/home/yunwei37/workspace/namei_ext/results/phase1/20260723T-build-cache-release-v1/w4-ccache-bulk-trace-artifacts.sha256"
test -d "/home/yunwei37/workspace/namei_ext/results/phase1/20260723T-build-cache-release-v1/w4-ccache-bulk-trace-work/ccache"
test -d "/home/yunwei37/workspace/namei_ext/results/phase1/20260723T-build-cache-release-v1/w4-ccache-bulk-trace-work/hot"
test -s "/home/yunwei37/workspace/namei_ext/results/phase1/20260723T-build-cache-release-v1/w4-ccache-bulk-source-manifest.tsv"
test -s "/home/yunwei37/workspace/namei_ext/results/phase1/20260723T-build-cache-release-v1/w4-ccache-bulk-policy-bridge.jsonl"
test -s "/home/yunwei37/workspace/namei_ext/results/phase1/20260723T-build-cache-release-v1/w4-ccache-bulk-policy-bridge-trace-objects.txt"
test -s "/home/yunwei37/workspace/namei_ext/results/phase1/20260723T-build-cache-release-v1/w4-ccache-bulk-policy-bridge-entries.tsv"
test -s "/home/yunwei37/workspace/namei_ext/tests/w1_oracle/namei_ext_w1_oracle.c"
test -x "/home/yunwei37/workspace/namei_ext/.build/w1-oracle/namei_ext_w1_oracle"
test -s "/home/yunwei37/workspace/namei_ext/docs/tmp/2026-06-16-w4-bulk-native-ccache-baseline-implementation.md"
test -s "/home/yunwei37/workspace/namei_ext/mk/kvm.mk"
command -v ccache >"/home/yunwei37/workspace/namei_ext/results/phase1/20260723T-build-cache-release-v1/w4-ccache-bulk-native-compile-ccache.path"
ccache --version >"/home/yunwei37/workspace/namei_ext/results/phase1/20260723T-build-cache-release-v1/w4-ccache-bulk-native-compile-ccache.version"
source_count=$(wc -l <"/home/yunwei37/workspace/namei_ext/results/phase1/20260723T-build-cache-release-v1/w4-ccache-bulk-source-manifest.tsv"); \
hot_objects=$(find "/home/yunwei37/workspace/namei_ext/results/phase1/20260723T-build-cache-release-v1/w4-ccache-bulk-trace-work/hot" -maxdepth 1 -type f -name '*.o' | wc -l); \
test "$source_count" -gt 1; \
test "$hot_objects" = "$source_count"
rm -rf "/home/yunwei37/workspace/namei_ext/results/phase1/20260723T-build-cache-release-v1/w4-ccache-bulk-native-compile-work"
install -d "/home/yunwei37/workspace/namei_ext/results/phase1/20260723T-build-cache-release-v1/w4-ccache-bulk-native-compile-work"
sha256sum "/home/yunwei37/workspace/namei_ext/results/phase1/20260723T-build-cache-release-v1/w4-ccache-bulk-trace.jsonl" "/home/yunwei37/workspace/namei_ext/results/phase1/20260723T-build-cache-release-v1/w4-ccache-bulk-trace-inputs.sha256" "/home/yunwei37/workspace/namei_ext/results/phase1/20260723T-build-cache-release-v1/w4-ccache-bulk-trace-artifacts.sha256" "/home/yunwei37/workspace/namei_ext/results/phase1/20260723T-build-cache-release-v1/w4-ccache-bulk-source-manifest.tsv" "/home/yunwei37/workspace/namei_ext/results/phase1/20260723T-build-cache-release-v1/w4-ccache-bulk-policy-bridge.jsonl" "/home/yunwei37/workspace/namei_ext/results/phase1/20260723T-build-cache-release-v1/w4-ccache-bulk-policy-bridge-trace-objects.txt" "/home/yunwei37/workspace/namei_ext/results/phase1/20260723T-build-cache-release-v1/w4-ccache-bulk-policy-bridge-entries.tsv" "/home/yunwei37/workspace/namei_ext/tests/w1_oracle/namei_ext_w1_oracle.c" "/home/yunwei37/workspace/namei_ext/.build/w1-oracle/namei_ext_w1_oracle" "/home/yunwei37/workspace/namei_ext/results/phase1/20260723T-build-cache-release-v1/w4-ccache-bulk-native-compile-ccache.version" "/home/yunwei37/workspace/namei_ext/docs/tmp/2026-06-16-w4-bulk-native-ccache-baseline-implementation.md" "/home/yunwei37/workspace/namei_ext/mk/kvm.mk" >"/home/yunwei37/workspace/namei_ext/results/phase1/20260723T-build-cache-release-v1/w4-ccache-bulk-native-compile-inputs.sha256"
sha256sum -c "/home/yunwei37/workspace/namei_ext/results/phase1/20260723T-build-cache-release-v1/w4-ccache-bulk-native-compile-inputs.sha256" >/dev/null
printf '{"event":"w4-ccache-bulk-native-compile-input","run_id":"%s","result_level":"kvm_external_native_ccache_compile_baseline","input_sha256_file":"w4-ccache-bulk-native-compile-inputs.sha256","entries_tsv":"%s","source_manifest":"%s","work_dir":"%s","trace_cache_dir":"%s","baseline_hot_dir":"%s","samples":%s,"baseline":"native_ccache_hot_compile"}\n' "20260723T-build-cache-release-v1" "/home/yunwei37/workspace/namei_ext/results/phase1/20260723T-build-cache-release-v1/w4-ccache-bulk-policy-bridge-entries.tsv" "/home/yunwei37/workspace/namei_ext/results/phase1/20260723T-build-cache-release-v1/w4-ccache-bulk-source-manifest.tsv" "/home/yunwei37/workspace/namei_ext/results/phase1/20260723T-build-cache-release-v1/w4-ccache-bulk-native-compile-work" "/home/yunwei37/workspace/namei_ext/results/phase1/20260723T-build-cache-release-v1/w4-ccache-bulk-trace-work/ccache" "/home/yunwei37/workspace/namei_ext/results/phase1/20260723T-build-cache-release-v1/w4-ccache-bulk-trace-work/hot" "20" >>"/home/yunwei37/workspace/namei_ext/results/phase1/20260723T-build-cache-release-v1/w4-ccache-bulk-native-compile.jsonl"
"/home/yunwei37/workspace/namei_ext/.build/w1-oracle/namei_ext_w1_oracle" --ccache-bulk-native-compile "/home/yunwei37/workspace/namei_ext/results/phase1/20260723T-build-cache-release-v1/w4-ccache-bulk-native-compile.jsonl" "20" "/home/yunwei37/workspace/namei_ext/results/phase1/20260723T-build-cache-release-v1/w4-ccache-bulk-native-compile-work" "/home/yunwei37/workspace/namei_ext/results/phase1/20260723T-build-cache-release-v1/w4-ccache-bulk-trace-work/ccache" "/home/yunwei37/workspace/namei_ext/results/phase1/20260723T-build-cache-release-v1/w4-ccache-bulk-policy-bridge-entries.tsv" "/home/yunwei37/workspace/namei_ext/results/phase1/20260723T-build-cache-release-v1/w4-ccache-bulk-source-manifest.tsv" "/home/yunwei37/workspace/namei_ext/.build/workloads/runs/20260723T-build-cache-release-v1/w1-redis-build/src" "/home/yunwei37/workspace/namei_ext/.build/workloads/runs/20260723T-build-cache-release-v1/w1-nginx-build/src" "/home/yunwei37/workspace/namei_ext/results/phase1/20260723T-build-cache-release-v1/w4-ccache-bulk-trace-work/hot"
expected_rows="20"; \
source_count=$(wc -l <"/home/yunwei37/workspace/namei_ext/results/phase1/20260723T-build-cache-release-v1/w4-ccache-bulk-source-manifest.tsv"); \
test "$(jq -s '[.[] | select(.event == "w4-ccache-bulk-native-compile-sample" and .workload == "w4-ccache-bulk-redis-nginx" and .pass == true and .policy_executed == false and .direct_cache_hit >= .source_manifest_count and .compile_output_matches == .source_manifest_count)] | length' "/home/yunwei37/workspace/namei_ext/results/phase1/20260723T-build-cache-release-v1/w4-ccache-bulk-native-compile.jsonl")" = "$expected_rows"; \
jq -e --argjson samples "20" --argjson source_count "$source_count" -s '([.[] | select(.event == "w4-ccache-bulk-native-compile-summary")][0]) as $s | $s.samples == $samples and $s.compile_rows == $samples and $s.pass == true and $s.policy_executed == false and $s.feature_equivalent_baseline == true and $s.total_compile_jobs == ($samples * $source_count) and $s.total_compile_output_matches == ($samples * $source_count) and $s.direct_cache_hit >= ($samples * $source_count) and $s.operation_weighted_native_hit_rate_is_release == true and $s.c2_supported == false and $s.release_gate_pass == false' "/home/yunwei37/workspace/namei_ext/results/phase1/20260723T-build-cache-release-v1/w4-ccache-bulk-native-compile.jsonl" >/dev/null
find "/home/yunwei37/workspace/namei_ext/results/phase1/20260723T-build-cache-release-v1/w4-ccache-bulk-native-compile-work" -type f \( -name '*.native.o' -o -name '*.native.strace.log' -o -name 'ccache-native-stats.txt' \) -print | sort | xargs sha256sum >"/home/yunwei37/workspace/namei_ext/results/phase1/20260723T-build-cache-release-v1/w4-ccache-bulk-native-compile-outputs.sha256"
dmesg >"/home/yunwei37/workspace/namei_ext/results/phase1/20260723T-build-cache-release-v1/dmesg-w4-ccache-bulk-native-compile.log"
dmesg_issues=$(awk '/] (BUG:|WARNING:|Oops:|Kernel panic|panic:|hung task)|kernel BUG at|INFO: task .* blocked for more than/ { n++ } END { print n + 0 }' "/home/yunwei37/workspace/namei_ext/results/phase1/20260723T-build-cache-release-v1/dmesg-w4-ccache-bulk-native-compile.log"); test "$dmesg_issues" = "0"
printf '{"event":"w4-ccache-bulk-native-compile-done","run_id":"%s","result_level":"kvm_external_native_ccache_compile_baseline","samples":%s}\n' "20260723T-build-cache-release-v1" "20" >>"/home/yunwei37/workspace/namei_ext/results/phase1/20260723T-build-cache-release-v1/w4-ccache-bulk-native-compile.jsonl"
make[1]: Leaving directory '/home/yunwei37/workspace/namei_ext'
make[1]: Entering directory '/home/yunwei37/workspace/namei_ext'
install -d "/home/yunwei37/workspace/namei_ext/results/phase1/20260723T-build-cache-release-v1"
printf '{"event":"w4-ccache-bulk-fuse-compile-start","run_id":"%s","result_level":"kvm_external_fuse_ccache_compile_baseline","samples":%s}\n' "20260723T-build-cache-release-v1" "20" >"/home/yunwei37/workspace/namei_ext/results/phase1/20260723T-build-cache-release-v1/w4-ccache-bulk-fuse-compile.jsonl"
test -s "/home/yunwei37/workspace/namei_ext/results/phase1/20260723T-build-cache-release-v1/w4-ccache-bulk-trace.jsonl"
test -s "/home/yunwei37/workspace/namei_ext/results/phase1/20260723T-build-cache-release-v1/w4-ccache-bulk-trace-inputs.sha256"
test -s "/home/yunwei37/workspace/namei_ext/results/phase1/20260723T-build-cache-release-v1/w4-ccache-bulk-trace-artifacts.sha256"
test -d "/home/yunwei37/workspace/namei_ext/results/phase1/20260723T-build-cache-release-v1/w4-ccache-bulk-trace-work/ccache"
test -d "/home/yunwei37/workspace/namei_ext/results/phase1/20260723T-build-cache-release-v1/w4-ccache-bulk-trace-work/hot"
test -s "/home/yunwei37/workspace/namei_ext/results/phase1/20260723T-build-cache-release-v1/w4-ccache-bulk-source-manifest.tsv"
test -s "/home/yunwei37/workspace/namei_ext/results/phase1/20260723T-build-cache-release-v1/w4-ccache-bulk-policy-bridge.jsonl"
test -s "/home/yunwei37/workspace/namei_ext/results/phase1/20260723T-build-cache-release-v1/w4-ccache-bulk-policy-bridge-trace-objects.txt"
test -s "/home/yunwei37/workspace/namei_ext/results/phase1/20260723T-build-cache-release-v1/w4-ccache-bulk-policy-bridge-entries.tsv"
test -s "/home/yunwei37/workspace/namei_ext/tests/w1_oracle/namei_ext_w1_oracle.c"
test -x "/home/yunwei37/workspace/namei_ext/.build/w1-oracle/namei_ext_w1_oracle"
test -s "/home/yunwei37/workspace/namei_ext/docs/tmp/2026-06-16-w4-bulk-fuse-compile-baseline-implementation.md"
test -s "/home/yunwei37/workspace/namei_ext/mk/kvm.mk"
command -v ccache >"/home/yunwei37/workspace/namei_ext/results/phase1/20260723T-build-cache-release-v1/w4-ccache-bulk-fuse-compile-ccache.path"
ccache --version >"/home/yunwei37/workspace/namei_ext/results/phase1/20260723T-build-cache-release-v1/w4-ccache-bulk-fuse-compile-ccache.version"
source_count=$(wc -l <"/home/yunwei37/workspace/namei_ext/results/phase1/20260723T-build-cache-release-v1/w4-ccache-bulk-source-manifest.tsv"); \
hot_objects=$(find "/home/yunwei37/workspace/namei_ext/results/phase1/20260723T-build-cache-release-v1/w4-ccache-bulk-trace-work/hot" -maxdepth 1 -type f -name '*.o' | wc -l); \
test "$source_count" -gt 1; \
test "$hot_objects" = "$source_count"
rm -rf "/home/yunwei37/workspace/namei_ext/results/phase1/20260723T-build-cache-release-v1/w4-ccache-bulk-fuse-compile-work"
install -d "/home/yunwei37/workspace/namei_ext/results/phase1/20260723T-build-cache-release-v1/w4-ccache-bulk-fuse-compile-work"
sha256sum "/home/yunwei37/workspace/namei_ext/results/phase1/20260723T-build-cache-release-v1/w4-ccache-bulk-trace.jsonl" "/home/yunwei37/workspace/namei_ext/results/phase1/20260723T-build-cache-release-v1/w4-ccache-bulk-trace-inputs.sha256" "/home/yunwei37/workspace/namei_ext/results/phase1/20260723T-build-cache-release-v1/w4-ccache-bulk-trace-artifacts.sha256" "/home/yunwei37/workspace/namei_ext/results/phase1/20260723T-build-cache-release-v1/w4-ccache-bulk-source-manifest.tsv" "/home/yunwei37/workspace/namei_ext/results/phase1/20260723T-build-cache-release-v1/w4-ccache-bulk-policy-bridge.jsonl" "/home/yunwei37/workspace/namei_ext/results/phase1/20260723T-build-cache-release-v1/w4-ccache-bulk-policy-bridge-trace-objects.txt" "/home/yunwei37/workspace/namei_ext/results/phase1/20260723T-build-cache-release-v1/w4-ccache-bulk-policy-bridge-entries.tsv" "/home/yunwei37/workspace/namei_ext/tests/w1_oracle/namei_ext_w1_oracle.c" "/home/yunwei37/workspace/namei_ext/.build/w1-oracle/namei_ext_w1_oracle" "/home/yunwei37/workspace/namei_ext/results/phase1/20260723T-build-cache-release-v1/w4-ccache-bulk-fuse-compile-ccache.version" "/home/yunwei37/workspace/namei_ext/docs/tmp/2026-06-16-w4-bulk-fuse-compile-baseline-implementation.md" "/home/yunwei37/workspace/namei_ext/mk/kvm.mk" >"/home/yunwei37/workspace/namei_ext/results/phase1/20260723T-build-cache-release-v1/w4-ccache-bulk-fuse-compile-inputs.sha256"
sha256sum -c "/home/yunwei37/workspace/namei_ext/results/phase1/20260723T-build-cache-release-v1/w4-ccache-bulk-fuse-compile-inputs.sha256" >/dev/null
printf '{"event":"w4-ccache-bulk-fuse-compile-input","run_id":"%s","result_level":"kvm_external_fuse_ccache_compile_baseline","input_sha256_file":"w4-ccache-bulk-fuse-compile-inputs.sha256","entries_tsv":"%s","source_manifest":"%s","work_dir":"%s","trace_cache_dir":"%s","baseline_hot_dir":"%s","samples":%s,"baseline":"fuse_redirect_compile","complete_ccache_compile_through_fuse":true}\n' "20260723T-build-cache-release-v1" "/home/yunwei37/workspace/namei_ext/results/phase1/20260723T-build-cache-release-v1/w4-ccache-bulk-policy-bridge-entries.tsv" "/home/yunwei37/workspace/namei_ext/results/phase1/20260723T-build-cache-release-v1/w4-ccache-bulk-source-manifest.tsv" "/home/yunwei37/workspace/namei_ext/results/phase1/20260723T-build-cache-release-v1/w4-ccache-bulk-fuse-compile-work" "/home/yunwei37/workspace/namei_ext/results/phase1/20260723T-build-cache-release-v1/w4-ccache-bulk-trace-work/ccache" "/home/yunwei37/workspace/namei_ext/results/phase1/20260723T-build-cache-release-v1/w4-ccache-bulk-trace-work/hot" "20" >>"/home/yunwei37/workspace/namei_ext/results/phase1/20260723T-build-cache-release-v1/w4-ccache-bulk-fuse-compile.jsonl"
"/home/yunwei37/workspace/namei_ext/.build/w1-oracle/namei_ext_w1_oracle" --ccache-bulk-fuse-compile "/home/yunwei37/workspace/namei_ext/results/phase1/20260723T-build-cache-release-v1/w4-ccache-bulk-fuse-compile.jsonl" "20" "/home/yunwei37/workspace/namei_ext/results/phase1/20260723T-build-cache-release-v1/w4-ccache-bulk-fuse-compile-work" "/home/yunwei37/workspace/namei_ext/results/phase1/20260723T-build-cache-release-v1/w4-ccache-bulk-trace-work/ccache" "/home/yunwei37/workspace/namei_ext/results/phase1/20260723T-build-cache-release-v1/w4-ccache-bulk-policy-bridge-entries.tsv" "/home/yunwei37/workspace/namei_ext/results/phase1/20260723T-build-cache-release-v1/w4-ccache-bulk-source-manifest.tsv" "/home/yunwei37/workspace/namei_ext/.build/workloads/runs/20260723T-build-cache-release-v1/w1-redis-build/src" "/home/yunwei37/workspace/namei_ext/.build/workloads/runs/20260723T-build-cache-release-v1/w1-nginx-build/src" "/home/yunwei37/workspace/namei_ext/results/phase1/20260723T-build-cache-release-v1/w4-ccache-bulk-trace-work/hot"
expected_rows="20"; \
source_count=$(wc -l <"/home/yunwei37/workspace/namei_ext/results/phase1/20260723T-build-cache-release-v1/w4-ccache-bulk-source-manifest.tsv"); \
test "$(jq -s '[.[] | select(.event == "w4-ccache-bulk-fuse-compile-sample" and .workload == "w4-ccache-bulk-redis-nginx" and .pass == true and .policy_executed == false and .complete_ccache_compile_through_fuse == true and .fuse_mounts == 1 and .direct_cache_hit >= .source_manifest_count and .compile_output_matches == .source_manifest_count)] | length' "/home/yunwei37/workspace/namei_ext/results/phase1/20260723T-build-cache-release-v1/w4-ccache-bulk-fuse-compile.jsonl")" = "$expected_rows"; \
jq -e --argjson samples "20" --argjson source_count "$source_count" -s '([.[] | select(.event == "w4-ccache-bulk-fuse-compile-summary")][0]) as $s | $s.samples == $samples and $s.compile_rows == $samples and $s.pass == true and $s.policy_executed == false and $s.feature_equivalent_baseline == true and $s.complete_ccache_compile_through_fuse == true and $s.read_oriented_cache_view_only == false and $s.total_compile_jobs == ($samples * $source_count) and $s.total_compile_output_matches == ($samples * $source_count) and $s.direct_cache_hit >= ($samples * $source_count) and $s.fuse_mounts == $samples and $s.operation_weighted_fuse_hit_rate_is_release == true and $s.c2_supported == false and $s.release_gate_pass == false' "/home/yunwei37/workspace/namei_ext/results/phase1/20260723T-build-cache-release-v1/w4-ccache-bulk-fuse-compile.jsonl" >/dev/null
find "/home/yunwei37/workspace/namei_ext/results/phase1/20260723T-build-cache-release-v1/w4-ccache-bulk-fuse-compile-work" -type f \( -name '*.fuse.o' -o -name '*.fuse.strace.log' -o -name 'ccache-fuse.log' \) -print | sort | xargs sha256sum >"/home/yunwei37/workspace/namei_ext/results/phase1/20260723T-build-cache-release-v1/w4-ccache-bulk-fuse-compile-outputs.sha256"
dmesg >"/home/yunwei37/workspace/namei_ext/results/phase1/20260723T-build-cache-release-v1/dmesg-w4-ccache-bulk-fuse-compile.log"
dmesg_issues=$(awk '/] (BUG:|WARNING:|Oops:|Kernel panic|panic:|hung task)|kernel BUG at|INFO: task .* blocked for more than/ { n++ } END { print n + 0 }' "/home/yunwei37/workspace/namei_ext/results/phase1/20260723T-build-cache-release-v1/dmesg-w4-ccache-bulk-fuse-compile.log"); test "$dmesg_issues" = "0"
printf '{"event":"w4-ccache-bulk-fuse-compile-done","run_id":"%s","result_level":"kvm_external_fuse_ccache_compile_baseline","samples":%s}\n' "20260723T-build-cache-release-v1" "20" >>"/home/yunwei37/workspace/namei_ext/results/phase1/20260723T-build-cache-release-v1/w4-ccache-bulk-fuse-compile.jsonl"
make[1]: Leaving directory '/home/yunwei37/workspace/namei_ext'
